2026-06-03 16:35:51,013 [INFO] ====== WebDriver manager ======
2026-06-03 16:35:51,363 [INFO] Driver [C:\Users\Zarmed IT\.wdm\drivers\chromedriver\win64\148.0.7778.178\chromedriver-win64/chromedriver.exe] found in cache by browser version
2026-06-03 16:35:58,729 [INFO] SSO login submitted
2026-06-03 16:35:59,886 [INFO] Organization selected: Zarmed Pratiksha Hospital Grup
2026-06-03 16:36:03,946 [INFO] Organization saved
2026-06-03 16:36:10,130 [INFO] [test] Opened hospitalization dialog
2026-06-03 16:36:21,529 [INFO] ====== WebDriver manager ======
2026-06-03 16:36:21,796 [INFO] Driver [C:\Users\Zarmed IT\.wdm\drivers\chromedriver\win64\148.0.7778.178\chromedriver-win64/chromedriver.exe] found in cache by browser version
2026-06-03 16:36:29,278 [INFO] SSO login submitted
2026-06-03 16:36:30,449 [INFO] Organization selected: Zarmed Pratiksha Hospital Grup
2026-06-03 16:36:34,527 [INFO] Organization saved
2026-06-03 16:36:40,728 [INFO] [test] Opened hospitalization dialog
2026-06-03 16:36:43,995 [INFO] Department selected: Rentgenoendovaskulyar Xirurgiya (matched РЭХ)
2026-06-03 16:36:45,078 [INFO] Hospitalization form confirmed
2026-06-03 16:36:48,094 [INFO] [test] Hospitalization submitted for https://mis2.ssv.uz/orders/1657326
2026-06-03 16:52:18,268 [INFO] ====== WebDriver manager ======
2026-06-03 16:52:18,601 [INFO] Driver [C:\Users\Zarmed IT\.wdm\drivers\chromedriver\win64\148.0.7778.178\chromedriver-win64/chromedriver.exe] found in cache by browser version
2026-06-03 16:52:26,083 [INFO] SSO login submitted
2026-06-03 16:52:27,243 [INFO] Organization selected: Zarmed Pratiksha Hospital Grup
2026-06-03 16:52:31,316 [INFO] Organization saved
2026-06-03 16:52:33,332 [INFO] --- Processing НЕГМАТОВА ХУРШЕДА (DOB 18.02.1952) ---
2026-06-03 16:52:33,415 [INFO] Step 1: clicked Направления menu
2026-06-03 16:52:36,561 [INFO] Cleared filters
2026-06-03 16:52:38,684 [INFO] Step 2: birth date entered: 18.02.1952
2026-06-03 16:52:38,811 [INFO] Step 3: clicked Фильтр
2026-06-03 16:53:07,132 [WARNING] No table row for PINFL 41802526180016 — using first eye button
2026-06-03 16:53:07,212 [INFO] Step 4: clicked eye button → https://mis2.ssv.uz/orders/1617371
2026-06-03 16:53:11,301 [INFO] Step 5: clicked Запросить бюджет
2026-06-03 17:15:01,826 [INFO] MIS2 bot started — every 10 min
2026-06-03 17:15:01,841 [INFO] Press Ctrl+C to stop.
2026-06-03 17:15:01,841 [INFO] === Job started at 2026-06-03 17:15:01 ===
2026-06-03 17:15:01,841 [INFO] ====== WebDriver manager ======
2026-06-03 17:15:02,154 [INFO] Driver [C:\Users\Zarmed IT\.wdm\drivers\chromedriver\win64\148.0.7778.178\chromedriver-win64/chromedriver.exe] found in cache by browser version
2026-06-03 17:15:09,809 [INFO] SSO login submitted
2026-06-03 17:15:11,003 [INFO] Organization selected: Zarmed Pratiksha Hospital Grup
2026-06-03 17:15:15,064 [INFO] Organization saved
2026-06-03 17:15:17,068 [INFO] --- Processing САРАБЕКОВА АЙДИН (DOB 25.12.1946) ---
2026-06-03 17:15:17,144 [INFO] Step 1: clicked Направления menu
2026-06-03 17:15:20,336 [INFO] Cleared filters
2026-06-03 17:15:22,475 [INFO] Step 2: birth date entered: 25.12.1946
2026-06-03 17:15:22,593 [INFO] Step 3: clicked Фильтр
2026-06-03 17:16:16,117 [WARNING] No table row for PINFL 42512463790014 - using first eye button
2026-06-03 17:16:40,392 [ERROR] Failed for patient 1
Traceback (most recent call last):
  File "c:\Users\Zarmed IT\Desktop\Bot\bot.py", line 313, in run_job
    process_patient(driver, wait, patient, config)
  File "c:\Users\Zarmed IT\Desktop\Bot\bot.py", line 288, in process_patient
    click_eye_button(driver, wait, pinfl)
  File "c:\Users\Zarmed IT\Desktop\Bot\bot.py", line 206, in click_eye_button
    eye = wait.until(
  File "C:\Users\Zarmed IT\AppData\Local\Programs\Python\Python39\lib\site-packages\selenium\webdriver\support\wait.py", line 129, in until
    value = method(self._driver)
  File "C:\Users\Zarmed IT\AppData\Local\Programs\Python\Python39\lib\site-packages\selenium\webdriver\support\expected_conditions.py", line 624, in _predicate
    target = driver.find_element(*target)  # grab element at locator
  File "C:\Users\Zarmed IT\AppData\Local\Programs\Python\Python39\lib\site-packages\selenium\webdriver\remote\webdriver.py", line 926, in find_element
    return self.execute(Command.FIND_ELEMENT, {"using": by, "value": value})["value"]
  File "C:\Users\Zarmed IT\AppData\Local\Programs\Python\Python39\lib\site-packages\selenium\webdriver\remote\webdriver.py", line 458, in execute
    self.error_handler.check_response(response)
  File "C:\Users\Zarmed IT\AppData\Local\Programs\Python\Python39\lib\site-packages\selenium\webdriver\remote\errorhandler.py", line 232, in check_response
    raise exception_class(message, screen, stacktrace)
selenium.common.exceptions.InvalidSessionIdException: Message: invalid session id: session deleted as the browser has closed the connection
from disconnected: not connected to DevTools
  (Session info: chrome=148.0.7778.217); For documentation on this error, please visit: https://www.selenium.dev/documentation/webdriver/troubleshooting/errors#invalidsessionidexception
Stacktrace:
	chromedriver!GetHandleVerifier [0x7ff7dafd7de5+14895]
	chromedriver!GetHandleVerifier [0x7ff7dafd7e50+14900]
	chromedriver!(No symbol) [0x7ff7dad3d5ad]
	chromedriver!(No symbol) [0x7ff7dad28a92]
	chromedriver!(No symbol) [0x7ff7dad4ee6c]
	chromedriver!(No symbol) [0x7ff7dadc71b0]
	chromedriver!(No symbol) [0x7ff7dade4172]
	chromedriver!(No symbol) [0x7ff7dad89df8]
	chromedriver!(No symbol) [0x7ff7dad8ace3]
	chromedriver!GetHandleVerifier [0x7ff7db2ecc49+3296f9]
	chromedriver!GetHandleVerifier [0x7ff7db2e7375+323e25]
	chromedriver!GetHandleVerifier [0x7ff7db30bc82+348732]
	chromedriver!GetHandleVerifier [0x7ff7daff6045+32af5]
	chromedriver!GetHandleVerifier [0x7ff7daffecec+3b79c]
	chromedriver!GetHandleVerifier [0x7ff7dafe1bc4+1e674]
	chromedriver!GetHandleVerifier [0x7ff7dafe1d54+1e804]
	chromedriver!GetHandleVerifier [0x7ff7dafc60e7+2b97]
	KERNEL32!BaseThreadInitThunk [0x7ffbe6ff7374+14]
	ntdll!RtlUserThreadStart [0x7ffbe72fcc91+21]

2026-06-03 17:16:40,392 [INFO] --- Processing НЕГМАТОВА ХУРШЕДА (DOB 18.02.1952) ---
2026-06-03 17:16:40,431 [ERROR] Failed for patient 2
Traceback (most recent call last):
  File "c:\Users\Zarmed IT\Desktop\Bot\bot.py", line 313, in run_job
    process_patient(driver, wait, patient, config)
  File "c:\Users\Zarmed IT\Desktop\Bot\bot.py", line 284, in process_patient
    go_to_directions(driver, wait)
  File "c:\Users\Zarmed IT\Desktop\Bot\bot.py", line 130, in go_to_directions
    link = wait.until(
  File "C:\Users\Zarmed IT\AppData\Local\Programs\Python\Python39\lib\site-packages\selenium\webdriver\support\wait.py", line 129, in until
    value = method(self._driver)
  File "C:\Users\Zarmed IT\AppData\Local\Programs\Python\Python39\lib\site-packages\selenium\webdriver\support\expected_conditions.py", line 624, in _predicate
    target = driver.find_element(*target)  # grab element at locator
  File "C:\Users\Zarmed IT\AppData\Local\Programs\Python\Python39\lib\site-packages\selenium\webdriver\remote\webdriver.py", line 926, in find_element
    return self.execute(Command.FIND_ELEMENT, {"using": by, "value": value})["value"]
  File "C:\Users\Zarmed IT\AppData\Local\Programs\Python\Python39\lib\site-packages\selenium\webdriver\remote\webdriver.py", line 458, in execute
    self.error_handler.check_response(response)
  File "C:\Users\Zarmed IT\AppData\Local\Programs\Python\Python39\lib\site-packages\selenium\webdriver\remote\errorhandler.py", line 232, in check_response
    raise exception_class(message, screen, stacktrace)
selenium.common.exceptions.InvalidSessionIdException: Message: invalid session id; For documentation on this error, please visit: https://www.selenium.dev/documentation/webdriver/troubleshooting/errors#invalidsessionidexception
Stacktrace:
	chromedriver!GetHandleVerifier [0x7ff7dafd7de5+14895]
	chromedriver!GetHandleVerifier [0x7ff7dafd7e50+14900]
	chromedriver!(No symbol) [0x7ff7dad3d396]
	chromedriver!(No symbol) [0x7ff7dad88e76]
	chromedriver!(No symbol) [0x7ff7dadbff62]
	chromedriver!(No symbol) [0x7ff7dadb9d7f]
	chromedriver!(No symbol) [0x7ff7dadb9543]
	chromedriver!(No symbol) [0x7ff7dad06325]
	chromedriver!GetHandleVerifier [0x7ff7db2ecc49+3296f9]
	chromedriver!GetHandleVerifier [0x7ff7db2e7375+323e25]
	chromedriver!GetHandleVerifier [0x7ff7db30bc82+348732]
	chromedriver!GetHandleVerifier [0x7ff7daff6045+32af5]
	chromedriver!GetHandleVerifier [0x7ff7daffecec+3b79c]
	chromedriver!(No symbol) [0x7ff7dad050bc]
	chromedriver!GetHandleVerifier [0x7ff7db450b18+48d5c8]
	KERNEL32!BaseThreadInitThunk [0x7ffbe6ff7374+14]
	ntdll!RtlUserThreadStart [0x7ffbe72fcc91+21]

2026-06-03 17:16:40,431 [INFO] Job finished.
2026-06-03 17:16:43,660 [INFO] Stopped by user.
2026-06-03 17:16:50,778 [INFO] MIS2 bot started — every 10 min
2026-06-03 17:16:50,778 [INFO] Press Ctrl+C to stop.
2026-06-03 17:16:50,778 [INFO] === Job started at 2026-06-03 17:16:50 ===
2026-06-03 17:16:50,778 [INFO] ====== WebDriver manager ======
2026-06-03 17:16:51,084 [INFO] Driver [C:\Users\Zarmed IT\.wdm\drivers\chromedriver\win64\148.0.7778.178\chromedriver-win64/chromedriver.exe] found in cache by browser version
2026-06-03 17:16:58,456 [INFO] SSO login submitted
2026-06-03 17:16:59,635 [INFO] Organization selected: Zarmed Pratiksha Hospital Grup
2026-06-03 17:17:03,693 [INFO] Organization saved
2026-06-03 17:17:05,702 [INFO] --- Processing САРАБЕКОВА АЙДИН (DOB 25.12.1946) ---
2026-06-03 17:17:05,774 [INFO] Step 1: clicked Направления menu
2026-06-03 17:17:08,970 [INFO] Cleared filters
2026-06-03 17:17:11,103 [INFO] Step 2: birth date entered: 25.12.1946
2026-06-03 17:17:11,222 [INFO] Step 3: clicked Фильтр
2026-06-03 17:18:04,690 [WARNING] No table row for PINFL 42512463790014 - using first eye button
2026-06-03 17:18:30,150 [ERROR] Failed for patient 1
Traceback (most recent call last):
  File "c:\Users\Zarmed IT\Desktop\Bot\bot.py", line 313, in run_job
    process_patient(driver, wait, patient, config)
  File "c:\Users\Zarmed IT\Desktop\Bot\bot.py", line 288, in process_patient
    click_eye_button(driver, wait, pinfl)
  File "c:\Users\Zarmed IT\Desktop\Bot\bot.py", line 206, in click_eye_button
    eye = wait.until(
  File "C:\Users\Zarmed IT\AppData\Local\Programs\Python\Python39\lib\site-packages\selenium\webdriver\support\wait.py", line 138, in until
    raise TimeoutException(message, screen, stacktrace)
selenium.common.exceptions.TimeoutException: Message: 
Stacktrace:
	chromedriver!GetHandleVerifier [0x7ff7dafd7de5+14895]
	chromedriver!GetHandleVerifier [0x7ff7dafd7e50+14900]
	chromedriver!(No symbol) [0x7ff7dad3d5ad]
	chromedriver!(No symbol) [0x7ff7dad97822]
	chromedriver!(No symbol) [0x7ff7dad97b2c]
	chromedriver!(No symbol) [0x7ff7dade7d17]
	chromedriver!(No symbol) [0x7ff7dade486f]
	chromedriver!(No symbol) [0x7ff7dad89df8]
	chromedriver!(No symbol) [0x7ff7dad8ace3]
	chromedriver!GetHandleVerifier [0x7ff7db2ecc49+3296f9]
	chromedriver!GetHandleVerifier [0x7ff7db2e7375+323e25]
	chromedriver!GetHandleVerifier [0x7ff7db30bc82+348732]
	chromedriver!GetHandleVerifier [0x7ff7daff6045+32af5]
	chromedriver!GetHandleVerifier [0x7ff7daffecec+3b79c]
	chromedriver!GetHandleVerifier [0x7ff7dafe1bc4+1e674]
	chromedriver!GetHandleVerifier [0x7ff7dafe1d54+1e804]
	chromedriver!GetHandleVerifier [0x7ff7dafc60e7+2b97]
	KERNEL32!BaseThreadInitThunk [0x7ffbe6ff7374+14]
	ntdll!RtlUserThreadStart [0x7ffbe72fcc91+21]

2026-06-03 17:18:30,150 [INFO] --- Processing НЕГМАТОВА ХУРШЕДА (DOB 18.02.1952) ---
2026-06-03 17:18:30,414 [INFO] Step 1: clicked Направления menu
2026-06-03 17:18:33,628 [INFO] Cleared filters
2026-06-03 17:18:35,796 [INFO] Step 2: birth date entered: 18.02.1952
2026-06-03 17:18:35,926 [INFO] Step 3: clicked Фильтр
2026-06-03 17:18:37,411 [WARNING] Retrying (Retry(total=2, connect=None, read=None, redirect=None, status=None)) after connection broken by 'ConnectionResetError(10054, 'An existing connection was forcibly closed by the remote host', None, 10054, None)': /session/3f6f72a3e4c6e32892169e6cca818ecc
2026-06-03 17:18:41,560 [INFO] Stopped by user.
2026-06-03 17:20:13,173 [INFO] ====== WebDriver manager ======
2026-06-03 17:20:13,523 [INFO] Driver [C:\Users\Zarmed IT\.wdm\drivers\chromedriver\win64\148.0.7778.178\chromedriver-win64/chromedriver.exe] found in cache by browser version
2026-06-03 17:20:20,972 [INFO] SSO login submitted
2026-06-03 17:20:22,140 [INFO] Organization selected: Zarmed Pratiksha Hospital Grup
2026-06-03 17:20:26,222 [INFO] Organization saved
2026-06-03 17:20:28,238 [INFO] --- Processing САРАБЕКОВА АЙДИН (DOB 25.12.1946) ---
2026-06-03 17:20:28,839 [INFO] Step 1: opened Направления
2026-06-03 17:20:31,327 [INFO] Cleared filters
2026-06-03 17:20:33,656 [INFO] Step 2: birth date entered: 25.12.1946
2026-06-03 17:20:34,080 [INFO] Step 3: clicked Фильтр
2026-06-03 17:20:35,122 [INFO] Filter results loaded
2026-06-03 17:20:40,255 [INFO] Step 4: using first eye link -> https://mis2.ssv.uz/orders/1577222
2026-06-03 17:20:40,635 [INFO] Step 4: clicked eye -> https://mis2.ssv.uz/orders/1577222
2026-06-03 17:20:43,554 [INFO] Step 5: clicked Запросить бюджет
2026-06-03 17:21:14,038 [INFO] Step 5: no dialog (budget may already be pending)
2026-06-03 17:21:14,038 [INFO] Done: САРАБЕКОВА АЙДИН
2026-06-03 17:21:14,038 [INFO] --- Processing НЕГМАТОВА ХУРШЕДА (DOB 18.02.1952) ---
2026-06-03 17:21:14,280 [INFO] Step 1: opened Направления
2026-06-03 17:21:16,762 [INFO] Cleared filters
2026-06-03 17:21:19,104 [INFO] Step 2: birth date entered: 18.02.1952
2026-06-03 17:21:19,528 [INFO] Step 3: clicked Фильтр
2026-06-03 17:21:20,570 [INFO] Filter results loaded
2026-06-03 17:21:26,304 [INFO] Step 4: using first eye link -> https://mis2.ssv.uz/orders/1617371
2026-06-03 17:21:26,676 [INFO] Step 4: clicked eye -> https://mis2.ssv.uz/orders/1617371
2026-06-03 17:21:29,103 [INFO] Step 5: clicked Запросить бюджет
2026-06-03 17:22:16,083 [INFO] ====== WebDriver manager ======
2026-06-03 17:22:16,433 [INFO] Driver [C:\Users\Zarmed IT\.wdm\drivers\chromedriver\win64\148.0.7778.178\chromedriver-win64/chromedriver.exe] found in cache by browser version
2026-06-03 17:22:23,832 [INFO] SSO login submitted
2026-06-03 17:22:25,016 [INFO] Organization selected: Zarmed Pratiksha Hospital Grup
2026-06-03 17:22:29,096 [INFO] Organization saved
2026-06-03 17:22:31,097 [INFO] --- Processing НЕГМАТОВА ХУРШЕДА (DOB 18.02.1952) ---
2026-06-03 17:22:31,700 [INFO] Step 1: opened Направления
2026-06-03 17:22:34,174 [INFO] Cleared filters
2026-06-03 17:22:36,519 [INFO] Step 2: birth date entered: 18.02.1952
2026-06-03 17:22:36,922 [INFO] Step 3: clicked Фильтр
2026-06-03 17:22:37,982 [INFO] Filter results loaded
2026-06-03 17:22:43,646 [INFO] Step 4: using first eye link -> https://mis2.ssv.uz/orders/1617371
2026-06-03 17:22:44,035 [INFO] Step 4: clicked eye -> https://mis2.ssv.uz/orders/1617371
2026-06-03 17:22:46,928 [INFO] Step 5: clicked Запросить бюджет
2026-06-03 17:22:56,048 [INFO] Step 5: no dialog (budget may already be requested)
2026-06-03 17:22:56,048 [INFO] Done: НЕГМАТОВА ХУРШЕДА
2026-06-03 17:23:25,210 [INFO] MIS2 bot started - every 10 min
2026-06-03 17:23:25,210 [INFO] Press Ctrl+C to stop.
2026-06-03 17:23:25,210 [INFO] === Job started at 2026-06-03 17:23:25 ===
2026-06-03 17:23:25,226 [INFO] ====== WebDriver manager ======
2026-06-03 17:23:25,538 [INFO] Driver [C:\Users\Zarmed IT\.wdm\drivers\chromedriver\win64\148.0.7778.178\chromedriver-win64/chromedriver.exe] found in cache by browser version
2026-06-03 17:23:32,955 [INFO] SSO login submitted
2026-06-03 17:23:34,133 [INFO] Organization selected: Zarmed Pratiksha Hospital Grup
2026-06-03 17:23:38,207 [INFO] Organization saved
2026-06-03 17:23:40,215 [INFO] --- Processing САРАБЕКОВА АЙДИН (DOB 25.12.1946) ---
2026-06-03 17:23:40,814 [INFO] Step 1: opened Направления
2026-06-03 17:23:43,301 [INFO] Cleared filters
2026-06-03 17:23:45,649 [INFO] Step 2: birth date entered: 25.12.1946
2026-06-03 17:23:46,068 [INFO] Step 3: clicked Фильтр
2026-06-03 17:23:47,109 [INFO] Filter results loaded
2026-06-03 17:23:52,739 [INFO] Step 4: using first eye link -> https://mis2.ssv.uz/orders/1577222
2026-06-03 17:23:53,111 [INFO] Step 4: clicked eye -> https://mis2.ssv.uz/orders/1577222
2026-06-03 17:23:56,029 [INFO] Step 5: clicked Запросить бюджет
2026-06-03 17:24:05,181 [INFO] Step 5: no dialog (budget may already be requested)
2026-06-03 17:24:05,181 [INFO] Done: САРАБЕКОВА АЙДИН
2026-06-03 17:24:05,181 [INFO] --- Processing НЕГМАТОВА ХУРШЕДА (DOB 18.02.1952) ---
2026-06-03 17:24:05,462 [INFO] Step 1: opened Направления
2026-06-03 17:24:07,946 [INFO] Cleared filters
2026-06-03 17:24:10,277 [INFO] Step 2: birth date entered: 18.02.1952
2026-06-03 17:24:10,678 [INFO] Step 3: clicked Фильтр
2026-06-03 17:24:11,710 [INFO] Filter results loaded
2026-06-03 17:24:17,331 [INFO] Step 4: using first eye link -> https://mis2.ssv.uz/orders/1617371
2026-06-03 17:24:17,711 [INFO] Step 4: clicked eye -> https://mis2.ssv.uz/orders/1617371
2026-06-03 17:24:20,095 [INFO] Step 5: clicked Запросить бюджет
2026-06-03 17:24:29,379 [INFO] Step 5: no dialog (budget may already be requested)
2026-06-03 17:24:29,379 [INFO] Done: НЕГМАТОВА ХУРШЕДА
2026-06-03 17:24:29,379 [INFO] Job finished.
2026-06-03 17:24:41,059 [INFO] Stopped by user.
2026-06-04 08:30:32,490 [INFO] MIS2 bot started - every 10 min
2026-06-04 08:30:32,490 [INFO] Press Ctrl+C to stop.
2026-06-04 08:30:32,490 [INFO] === Job started at 2026-06-04 08:30:32 ===
2026-06-04 08:30:32,490 [INFO] ====== WebDriver manager ======
2026-06-04 08:30:33,271 [INFO] Get LATEST chromedriver version for google-chrome
2026-06-04 08:30:34,302 [INFO] Get LATEST chromedriver version for google-chrome
2026-06-04 08:30:35,974 [INFO] WebDriver version 148.0.7778.178 selected
2026-06-04 08:30:35,974 [INFO] Modern chrome version https://storage.googleapis.com/chrome-for-testing-public/148.0.7778.178/win64/chromedriver-win64.zip
2026-06-04 08:30:35,974 [INFO] About to download new driver from https://storage.googleapis.com/chrome-for-testing-public/148.0.7778.178/win64/chromedriver-win64.zip
2026-06-04 08:30:36,771 [INFO] Driver downloading response is 200
2026-06-04 08:30:38,187 [INFO] Driver has been saved in cache [C:\Users\Zarmed IT\.wdm\drivers\chromedriver\win64\148.0.7778.178]
2026-06-04 08:30:46,917 [INFO] SSO login submitted
2026-06-04 08:30:48,917 [INFO] --- Processing САРАБЕКОВА АЙДИН (DOB 25.12.1946) ---
2026-06-04 08:31:05,264 [ERROR] Failed for patient 1
Traceback (most recent call last):
  File "C:\Users\Zarmed IT\Desktop\Bot\bot.py", line 415, in run_job
    process_patient(driver, waits, patient, config)
  File "C:\Users\Zarmed IT\Desktop\Bot\bot.py", line 384, in process_patient
    go_to_directions(driver, wait)
  File "C:\Users\Zarmed IT\Desktop\Bot\bot.py", line 153, in go_to_directions
    wait.until(EC.presence_of_element_located((By.CSS_SELECTOR, "input.el-input__inner")))
  File "C:\Users\Zarmed IT\AppData\Local\Programs\Python\Python39\lib\site-packages\selenium\webdriver\support\wait.py", line 129, in until
    value = method(self._driver)
  File "C:\Users\Zarmed IT\AppData\Local\Programs\Python\Python39\lib\site-packages\selenium\webdriver\support\expected_conditions.py", line 104, in _predicate
    return driver.find_element(*locator)
  File "C:\Users\Zarmed IT\AppData\Local\Programs\Python\Python39\lib\site-packages\selenium\webdriver\remote\webdriver.py", line 926, in find_element
    return self.execute(Command.FIND_ELEMENT, {"using": by, "value": value})["value"]
  File "C:\Users\Zarmed IT\AppData\Local\Programs\Python\Python39\lib\site-packages\selenium\webdriver\remote\webdriver.py", line 458, in execute
    self.error_handler.check_response(response)
  File "C:\Users\Zarmed IT\AppData\Local\Programs\Python\Python39\lib\site-packages\selenium\webdriver\remote\errorhandler.py", line 232, in check_response
    raise exception_class(message, screen, stacktrace)
selenium.common.exceptions.InvalidSessionIdException: Message: invalid session id: session deleted as the browser has closed the connection
from disconnected: not connected to DevTools
  (Session info: chrome=148.0.7778.217); For documentation on this error, please visit: https://www.selenium.dev/documentation/webdriver/troubleshooting/errors#invalidsessionidexception
Stacktrace:
	chromedriver!GetHandleVerifier [0x7ff784bf7de5+14895]
	chromedriver!GetHandleVerifier [0x7ff784bf7e50+14900]
	chromedriver!(No symbol) [0x7ff78495d5ad]
	chromedriver!(No symbol) [0x7ff784948a92]
	chromedriver!(No symbol) [0x7ff78496ee6c]
	chromedriver!(No symbol) [0x7ff7849e71b0]
	chromedriver!(No symbol) [0x7ff784a04172]
	chromedriver!(No symbol) [0x7ff7849a9df8]
	chromedriver!(No symbol) [0x7ff7849aace3]
	chromedriver!GetHandleVerifier [0x7ff784f0cc49+3296f9]
	chromedriver!GetHandleVerifier [0x7ff784f07375+323e25]
	chromedriver!GetHandleVerifier [0x7ff784f2bc82+348732]
	chromedriver!GetHandleVerifier [0x7ff784c16045+32af5]
	chromedriver!GetHandleVerifier [0x7ff784c1ecec+3b79c]
	chromedriver!GetHandleVerifier [0x7ff784c01bc4+1e674]
	chromedriver!GetHandleVerifier [0x7ff784c01d54+1e804]
	chromedriver!GetHandleVerifier [0x7ff784be60e7+2b97]
	KERNEL32!BaseThreadInitThunk [0x7ffbaa957374+14]
	ntdll!RtlUserThreadStart [0x7ffbabe3cc91+21]

2026-06-04 08:31:05,279 [ERROR] Browser error - is Chrome installed?
Traceback (most recent call last):
  File "C:\Users\Zarmed IT\Desktop\Bot\bot.py", line 415, in run_job
    process_patient(driver, waits, patient, config)
  File "C:\Users\Zarmed IT\Desktop\Bot\bot.py", line 384, in process_patient
    go_to_directions(driver, wait)
  File "C:\Users\Zarmed IT\Desktop\Bot\bot.py", line 153, in go_to_directions
    wait.until(EC.presence_of_element_located((By.CSS_SELECTOR, "input.el-input__inner")))
  File "C:\Users\Zarmed IT\AppData\Local\Programs\Python\Python39\lib\site-packages\selenium\webdriver\support\wait.py", line 129, in until
    value = method(self._driver)
  File "C:\Users\Zarmed IT\AppData\Local\Programs\Python\Python39\lib\site-packages\selenium\webdriver\support\expected_conditions.py", line 104, in _predicate
    return driver.find_element(*locator)
  File "C:\Users\Zarmed IT\AppData\Local\Programs\Python\Python39\lib\site-packages\selenium\webdriver\remote\webdriver.py", line 926, in find_element
    return self.execute(Command.FIND_ELEMENT, {"using": by, "value": value})["value"]
  File "C:\Users\Zarmed IT\AppData\Local\Programs\Python\Python39\lib\site-packages\selenium\webdriver\remote\webdriver.py", line 458, in execute
    self.error_handler.check_response(response)
  File "C:\Users\Zarmed IT\AppData\Local\Programs\Python\Python39\lib\site-packages\selenium\webdriver\remote\errorhandler.py", line 232, in check_response
    raise exception_class(message, screen, stacktrace)
selenium.common.exceptions.InvalidSessionIdException: Message: invalid session id: session deleted as the browser has closed the connection
from disconnected: not connected to DevTools
  (Session info: chrome=148.0.7778.217); For documentation on this error, please visit: https://www.selenium.dev/documentation/webdriver/troubleshooting/errors#invalidsessionidexception
Stacktrace:
	chromedriver!GetHandleVerifier [0x7ff784bf7de5+14895]
	chromedriver!GetHandleVerifier [0x7ff784bf7e50+14900]
	chromedriver!(No symbol) [0x7ff78495d5ad]
	chromedriver!(No symbol) [0x7ff784948a92]
	chromedriver!(No symbol) [0x7ff78496ee6c]
	chromedriver!(No symbol) [0x7ff7849e71b0]
	chromedriver!(No symbol) [0x7ff784a04172]
	chromedriver!(No symbol) [0x7ff7849a9df8]
	chromedriver!(No symbol) [0x7ff7849aace3]
	chromedriver!GetHandleVerifier [0x7ff784f0cc49+3296f9]
	chromedriver!GetHandleVerifier [0x7ff784f07375+323e25]
	chromedriver!GetHandleVerifier [0x7ff784f2bc82+348732]
	chromedriver!GetHandleVerifier [0x7ff784c16045+32af5]
	chromedriver!GetHandleVerifier [0x7ff784c1ecec+3b79c]
	chromedriver!GetHandleVerifier [0x7ff784c01bc4+1e674]
	chromedriver!GetHandleVerifier [0x7ff784c01d54+1e804]
	chromedriver!GetHandleVerifier [0x7ff784be60e7+2b97]
	KERNEL32!BaseThreadInitThunk [0x7ffbaa957374+14]
	ntdll!RtlUserThreadStart [0x7ffbabe3cc91+21]


During handling of the above exception, another exception occurred:

Traceback (most recent call last):
  File "C:\Users\Zarmed IT\Desktop\Bot\bot.py", line 418, in run_job
    go_to_directions(driver, waits[0])
  File "C:\Users\Zarmed IT\Desktop\Bot\bot.py", line 151, in go_to_directions
    driver.get(DIRECTIONS_URL)
  File "C:\Users\Zarmed IT\AppData\Local\Programs\Python\Python39\lib\site-packages\selenium\webdriver\remote\webdriver.py", line 483, in get
    self.execute(Command.GET, {"url": url})
  File "C:\Users\Zarmed IT\AppData\Local\Programs\Python\Python39\lib\site-packages\selenium\webdriver\remote\webdriver.py", line 458, in execute
    self.error_handler.check_response(response)
  File "C:\Users\Zarmed IT\AppData\Local\Programs\Python\Python39\lib\site-packages\selenium\webdriver\remote\errorhandler.py", line 232, in check_response
    raise exception_class(message, screen, stacktrace)
selenium.common.exceptions.InvalidSessionIdException: Message: invalid session id; For documentation on this error, please visit: https://www.selenium.dev/documentation/webdriver/troubleshooting/errors#invalidsessionidexception
Stacktrace:
	chromedriver!GetHandleVerifier [0x7ff784bf7de5+14895]
	chromedriver!GetHandleVerifier [0x7ff784bf7e50+14900]
	chromedriver!(No symbol) [0x7ff78495d396]
	chromedriver!(No symbol) [0x7ff7849a8e76]
	chromedriver!(No symbol) [0x7ff7849dff62]
	chromedriver!(No symbol) [0x7ff7849d9d7f]
	chromedriver!(No symbol) [0x7ff7849d9543]
	chromedriver!(No symbol) [0x7ff784926325]
	chromedriver!GetHandleVerifier [0x7ff784f0cc49+3296f9]
	chromedriver!GetHandleVerifier [0x7ff784f07375+323e25]
	chromedriver!GetHandleVerifier [0x7ff784f2bc82+348732]
	chromedriver!GetHandleVerifier [0x7ff784c16045+32af5]
	chromedriver!GetHandleVerifier [0x7ff784c1ecec+3b79c]
	chromedriver!(No symbol) [0x7ff7849250bc]
	chromedriver!GetHandleVerifier [0x7ff785070b18+48d5c8]
	KERNEL32!BaseThreadInitThunk [0x7ffbaa957374+14]
	ntdll!RtlUserThreadStart [0x7ffbabe3cc91+21]

2026-06-04 08:31:18,812 [INFO] Stopped by user.
2026-06-04 08:31:26,530 [INFO] MIS2 bot started - every 10 min
2026-06-04 08:31:26,530 [INFO] Press Ctrl+C to stop.
2026-06-04 08:31:26,530 [INFO] === Job started at 2026-06-04 08:31:26 ===
2026-06-04 08:31:26,546 [INFO] ====== WebDriver manager ======
2026-06-04 08:31:26,858 [INFO] Driver [C:\Users\Zarmed IT\.wdm\drivers\chromedriver\win64\148.0.7778.178\chromedriver-win64/chromedriver.exe] found in cache by browser version
2026-06-04 08:31:35,182 [INFO] SSO login submitted
2026-06-04 08:31:37,194 [INFO] --- Processing САРАБЕКОВА АЙДИН (DOB 25.12.1946) ---
2026-06-04 08:32:07,375 [INFO] Step 1: opened Направления
2026-06-04 08:32:39,422 [ERROR] Failed for patient 1
Traceback (most recent call last):
  File "C:\Users\Zarmed IT\Desktop\Bot\bot.py", line 415, in run_job
    process_patient(driver, waits, patient, config)
  File "C:\Users\Zarmed IT\Desktop\Bot\bot.py", line 386, in process_patient
    fill_birth_date(driver, wait, birth)
  File "C:\Users\Zarmed IT\Desktop\Bot\bot.py", line 184, in fill_birth_date
    inp = find_birth_date_input(driver, wait)
  File "C:\Users\Zarmed IT\Desktop\Bot\bot.py", line 161, in find_birth_date_input
    return wait.until(
  File "C:\Users\Zarmed IT\AppData\Local\Programs\Python\Python39\lib\site-packages\selenium\webdriver\support\wait.py", line 138, in until
    raise TimeoutException(message, screen, stacktrace)
selenium.common.exceptions.TimeoutException: Message: 
Stacktrace:
	chromedriver!GetHandleVerifier [0x7ff784bf7de5+14895]
	chromedriver!GetHandleVerifier [0x7ff784bf7e50+14900]
	chromedriver!(No symbol) [0x7ff78495d5ad]
	chromedriver!(No symbol) [0x7ff7849b7822]
	chromedriver!(No symbol) [0x7ff7849b7b2c]
	chromedriver!(No symbol) [0x7ff784a07d17]
	chromedriver!(No symbol) [0x7ff784a0486f]
	chromedriver!(No symbol) [0x7ff7849a9df8]
	chromedriver!(No symbol) [0x7ff7849aace3]
	chromedriver!GetHandleVerifier [0x7ff784f0cc49+3296f9]
	chromedriver!GetHandleVerifier [0x7ff784f07375+323e25]
	chromedriver!GetHandleVerifier [0x7ff784f2bc82+348732]
	chromedriver!GetHandleVerifier [0x7ff784c16045+32af5]
	chromedriver!GetHandleVerifier [0x7ff784c1ecec+3b79c]
	chromedriver!GetHandleVerifier [0x7ff784c01bc4+1e674]
	chromedriver!GetHandleVerifier [0x7ff784c01d54+1e804]
	chromedriver!GetHandleVerifier [0x7ff784be60e7+2b97]
	KERNEL32!BaseThreadInitThunk [0x7ffbaa957374+14]
	ntdll!RtlUserThreadStart [0x7ffbabe3cc91+21]

2026-06-04 08:33:09,516 [INFO] Step 1: opened Направления
2026-06-04 08:33:11,527 [INFO] --- Processing НЕГМАТОВА ХУРШЕДА (DOB 18.02.1952) ---
2026-06-04 08:33:41,677 [INFO] Step 1: opened Направления
2026-06-04 08:33:50,827 [ERROR] Failed for patient 2
Traceback (most recent call last):
  File "C:\Users\Zarmed IT\Desktop\Bot\bot.py", line 415, in run_job
    process_patient(driver, waits, patient, config)
  File "C:\Users\Zarmed IT\Desktop\Bot\bot.py", line 386, in process_patient
    fill_birth_date(driver, wait, birth)
  File "C:\Users\Zarmed IT\Desktop\Bot\bot.py", line 184, in fill_birth_date
    inp = find_birth_date_input(driver, wait)
  File "C:\Users\Zarmed IT\Desktop\Bot\bot.py", line 161, in find_birth_date_input
    return wait.until(
  File "C:\Users\Zarmed IT\AppData\Local\Programs\Python\Python39\lib\site-packages\selenium\webdriver\support\wait.py", line 129, in until
    value = method(self._driver)
  File "C:\Users\Zarmed IT\AppData\Local\Programs\Python\Python39\lib\site-packages\selenium\webdriver\support\expected_conditions.py", line 104, in _predicate
    return driver.find_element(*locator)
  File "C:\Users\Zarmed IT\AppData\Local\Programs\Python\Python39\lib\site-packages\selenium\webdriver\remote\webdriver.py", line 926, in find_element
    return self.execute(Command.FIND_ELEMENT, {"using": by, "value": value})["value"]
  File "C:\Users\Zarmed IT\AppData\Local\Programs\Python\Python39\lib\site-packages\selenium\webdriver\remote\webdriver.py", line 458, in execute
    self.error_handler.check_response(response)
  File "C:\Users\Zarmed IT\AppData\Local\Programs\Python\Python39\lib\site-packages\selenium\webdriver\remote\errorhandler.py", line 232, in check_response
    raise exception_class(message, screen, stacktrace)
selenium.common.exceptions.InvalidSessionIdException: Message: invalid session id: session deleted as the browser has closed the connection
from disconnected: not connected to DevTools
  (Session info: chrome=148.0.7778.217); For documentation on this error, please visit: https://www.selenium.dev/documentation/webdriver/troubleshooting/errors#invalidsessionidexception
Stacktrace:
	chromedriver!GetHandleVerifier [0x7ff784bf7de5+14895]
	chromedriver!GetHandleVerifier [0x7ff784bf7e50+14900]
	chromedriver!(No symbol) [0x7ff78495d5ad]
	chromedriver!(No symbol) [0x7ff784948a92]
	chromedriver!(No symbol) [0x7ff78496ee6c]
	chromedriver!(No symbol) [0x7ff7849e71b0]
	chromedriver!(No symbol) [0x7ff784a04172]
	chromedriver!(No symbol) [0x7ff7849a9df8]
	chromedriver!(No symbol) [0x7ff7849aace3]
	chromedriver!GetHandleVerifier [0x7ff784f0cc49+3296f9]
	chromedriver!GetHandleVerifier [0x7ff784f07375+323e25]
	chromedriver!GetHandleVerifier [0x7ff784f2bc82+348732]
	chromedriver!GetHandleVerifier [0x7ff784c16045+32af5]
	chromedriver!GetHandleVerifier [0x7ff784c1ecec+3b79c]
	chromedriver!GetHandleVerifier [0x7ff784c01bc4+1e674]
	chromedriver!GetHandleVerifier [0x7ff784c01d54+1e804]
	chromedriver!GetHandleVerifier [0x7ff784be60e7+2b97]
	KERNEL32!BaseThreadInitThunk [0x7ffbaa957374+14]
	ntdll!RtlUserThreadStart [0x7ffbabe3cc91+21]

2026-06-04 08:33:50,874 [ERROR] Browser error - is Chrome installed?
Traceback (most recent call last):
  File "C:\Users\Zarmed IT\Desktop\Bot\bot.py", line 415, in run_job
    process_patient(driver, waits, patient, config)
  File "C:\Users\Zarmed IT\Desktop\Bot\bot.py", line 386, in process_patient
    fill_birth_date(driver, wait, birth)
  File "C:\Users\Zarmed IT\Desktop\Bot\bot.py", line 184, in fill_birth_date
    inp = find_birth_date_input(driver, wait)
  File "C:\Users\Zarmed IT\Desktop\Bot\bot.py", line 161, in find_birth_date_input
    return wait.until(
  File "C:\Users\Zarmed IT\AppData\Local\Programs\Python\Python39\lib\site-packages\selenium\webdriver\support\wait.py", line 129, in until
    value = method(self._driver)
  File "C:\Users\Zarmed IT\AppData\Local\Programs\Python\Python39\lib\site-packages\selenium\webdriver\support\expected_conditions.py", line 104, in _predicate
    return driver.find_element(*locator)
  File "C:\Users\Zarmed IT\AppData\Local\Programs\Python\Python39\lib\site-packages\selenium\webdriver\remote\webdriver.py", line 926, in find_element
    return self.execute(Command.FIND_ELEMENT, {"using": by, "value": value})["value"]
  File "C:\Users\Zarmed IT\AppData\Local\Programs\Python\Python39\lib\site-packages\selenium\webdriver\remote\webdriver.py", line 458, in execute
    self.error_handler.check_response(response)
  File "C:\Users\Zarmed IT\AppData\Local\Programs\Python\Python39\lib\site-packages\selenium\webdriver\remote\errorhandler.py", line 232, in check_response
    raise exception_class(message, screen, stacktrace)
selenium.common.exceptions.InvalidSessionIdException: Message: invalid session id: session deleted as the browser has closed the connection
from disconnected: not connected to DevTools
  (Session info: chrome=148.0.7778.217); For documentation on this error, please visit: https://www.selenium.dev/documentation/webdriver/troubleshooting/errors#invalidsessionidexception
Stacktrace:
	chromedriver!GetHandleVerifier [0x7ff784bf7de5+14895]
	chromedriver!GetHandleVerifier [0x7ff784bf7e50+14900]
	chromedriver!(No symbol) [0x7ff78495d5ad]
	chromedriver!(No symbol) [0x7ff784948a92]
	chromedriver!(No symbol) [0x7ff78496ee6c]
	chromedriver!(No symbol) [0x7ff7849e71b0]
	chromedriver!(No symbol) [0x7ff784a04172]
	chromedriver!(No symbol) [0x7ff7849a9df8]
	chromedriver!(No symbol) [0x7ff7849aace3]
	chromedriver!GetHandleVerifier [0x7ff784f0cc49+3296f9]
	chromedriver!GetHandleVerifier [0x7ff784f07375+323e25]
	chromedriver!GetHandleVerifier [0x7ff784f2bc82+348732]
	chromedriver!GetHandleVerifier [0x7ff784c16045+32af5]
	chromedriver!GetHandleVerifier [0x7ff784c1ecec+3b79c]
	chromedriver!GetHandleVerifier [0x7ff784c01bc4+1e674]
	chromedriver!GetHandleVerifier [0x7ff784c01d54+1e804]
	chromedriver!GetHandleVerifier [0x7ff784be60e7+2b97]
	KERNEL32!BaseThreadInitThunk [0x7ffbaa957374+14]
	ntdll!RtlUserThreadStart [0x7ffbabe3cc91+21]


During handling of the above exception, another exception occurred:

Traceback (most recent call last):
  File "C:\Users\Zarmed IT\Desktop\Bot\bot.py", line 418, in run_job
    go_to_directions(driver, waits[0])
  File "C:\Users\Zarmed IT\Desktop\Bot\bot.py", line 151, in go_to_directions
    driver.get(DIRECTIONS_URL)
  File "C:\Users\Zarmed IT\AppData\Local\Programs\Python\Python39\lib\site-packages\selenium\webdriver\remote\webdriver.py", line 483, in get
    self.execute(Command.GET, {"url": url})
  File "C:\Users\Zarmed IT\AppData\Local\Programs\Python\Python39\lib\site-packages\selenium\webdriver\remote\webdriver.py", line 458, in execute
    self.error_handler.check_response(response)
  File "C:\Users\Zarmed IT\AppData\Local\Programs\Python\Python39\lib\site-packages\selenium\webdriver\remote\errorhandler.py", line 232, in check_response
    raise exception_class(message, screen, stacktrace)
selenium.common.exceptions.InvalidSessionIdException: Message: invalid session id; For documentation on this error, please visit: https://www.selenium.dev/documentation/webdriver/troubleshooting/errors#invalidsessionidexception
Stacktrace:
	chromedriver!GetHandleVerifier [0x7ff784bf7de5+14895]
	chromedriver!GetHandleVerifier [0x7ff784bf7e50+14900]
	chromedriver!(No symbol) [0x7ff78495d396]
	chromedriver!(No symbol) [0x7ff7849a8e76]
	chromedriver!(No symbol) [0x7ff7849dff62]
	chromedriver!(No symbol) [0x7ff7849d9d7f]
	chromedriver!(No symbol) [0x7ff7849d9543]
	chromedriver!(No symbol) [0x7ff784926325]
	chromedriver!GetHandleVerifier [0x7ff784f0cc49+3296f9]
	chromedriver!GetHandleVerifier [0x7ff784f07375+323e25]
	chromedriver!GetHandleVerifier [0x7ff784f2bc82+348732]
	chromedriver!GetHandleVerifier [0x7ff784c16045+32af5]
	chromedriver!GetHandleVerifier [0x7ff784c1ecec+3b79c]
	chromedriver!(No symbol) [0x7ff7849250bc]
	chromedriver!GetHandleVerifier [0x7ff785070b18+48d5c8]
	KERNEL32!BaseThreadInitThunk [0x7ffbaa957374+14]
	ntdll!RtlUserThreadStart [0x7ffbabe3cc91+21]

2026-06-04 08:43:53,822 [INFO] === Job started at 2026-06-04 08:43:53 ===
2026-06-04 08:43:53,822 [INFO] ====== WebDriver manager ======
2026-06-04 08:43:54,103 [INFO] Driver [C:\Users\Zarmed IT\.wdm\drivers\chromedriver\win64\148.0.7778.178\chromedriver-win64/chromedriver.exe] found in cache by browser version
2026-06-04 08:44:01,684 [INFO] SSO login submitted
2026-06-04 08:44:02,878 [INFO] Organization selected: Zarmed Pratiksha Hospital Grup
2026-06-04 08:44:06,938 [INFO] Organization saved
2026-06-04 08:44:08,946 [INFO] --- Processing САРАБЕКОВА АЙДИН (DOB 25.12.1946) ---
2026-06-04 08:44:09,577 [INFO] Step 1: opened Направления
2026-06-04 08:44:12,062 [INFO] Cleared filters
2026-06-04 08:44:14,410 [INFO] Step 2: birth date entered: 25.12.1946
2026-06-04 08:44:14,819 [INFO] Step 3: clicked Фильтр
2026-06-04 08:44:15,856 [INFO] Filter results loaded
2026-06-04 08:44:21,415 [INFO] Step 4: using first eye link -> https://mis2.ssv.uz/orders/1577222
2026-06-04 08:44:21,783 [INFO] Step 4: clicked eye -> https://mis2.ssv.uz/orders/1577222
2026-06-04 08:44:24,693 [INFO] Step 5: clicked Запросить бюджет
2026-06-04 08:44:33,977 [INFO] Step 5: no dialog (budget may already be requested)
2026-06-04 08:44:33,977 [INFO] Done: САРАБЕКОВА АЙДИН
2026-06-04 08:44:33,977 [INFO] --- Processing НЕГМАТОВА ХУРШЕДА (DOB 18.02.1952) ---
2026-06-04 08:44:34,261 [INFO] Step 1: opened Направления
2026-06-04 08:44:36,753 [INFO] Cleared filters
2026-06-04 08:44:39,115 [INFO] Step 2: birth date entered: 18.02.1952
2026-06-04 08:44:39,535 [INFO] Step 3: clicked Фильтр
2026-06-04 08:44:40,574 [INFO] Filter results loaded
2026-06-04 08:44:46,261 [INFO] Step 4: using first eye link -> https://mis2.ssv.uz/orders/1617371
2026-06-04 08:44:46,633 [INFO] Step 4: clicked eye -> https://mis2.ssv.uz/orders/1617371
2026-06-04 08:44:49,042 [INFO] Step 5: clicked Запросить бюджет
2026-06-04 08:44:58,190 [INFO] Step 5: no dialog (budget may already be requested)
2026-06-04 08:44:58,190 [INFO] Done: НЕГМАТОВА ХУРШЕДА
2026-06-04 08:44:58,190 [INFO] Job finished.
2026-06-04 08:55:00,541 [INFO] === Job started at 2026-06-04 08:55:00 ===
2026-06-04 08:55:00,541 [INFO] ====== WebDriver manager ======
2026-06-04 08:55:00,759 [INFO] Driver [C:\Users\Zarmed IT\.wdm\drivers\chromedriver\win64\148.0.7778.178\chromedriver-win64/chromedriver.exe] found in cache by browser version
2026-06-04 08:55:08,260 [INFO] SSO login submitted
2026-06-04 08:55:09,432 [INFO] Organization selected: Zarmed Pratiksha Hospital Grup
2026-06-04 08:55:13,506 [INFO] Organization saved
2026-06-04 08:55:15,521 [INFO] --- Processing САРАБЕКОВА АЙДИН (DOB 25.12.1946) ---
2026-06-04 08:55:16,130 [INFO] Step 1: opened Направления
2026-06-04 08:55:18,612 [INFO] Cleared filters
2026-06-04 08:55:20,948 [INFO] Step 2: birth date entered: 25.12.1946
2026-06-04 08:55:21,346 [INFO] Step 3: clicked Фильтр
2026-06-04 08:55:22,393 [INFO] Filter results loaded
2026-06-04 08:55:27,947 [INFO] Step 4: using first eye link -> https://mis2.ssv.uz/orders/1577222
2026-06-04 08:55:28,311 [INFO] Step 4: clicked eye -> https://mis2.ssv.uz/orders/1577222
2026-06-04 08:55:31,228 [INFO] Step 5: clicked Запросить бюджет
2026-06-04 08:55:40,328 [INFO] Step 5: no dialog (budget may already be requested)
2026-06-04 08:55:40,328 [INFO] Done: САРАБЕКОВА АЙДИН
2026-06-04 08:55:40,328 [INFO] --- Processing НЕГМАТОВА ХУРШЕДА (DOB 18.02.1952) ---
2026-06-04 08:55:40,597 [INFO] Step 1: opened Направления
2026-06-04 08:55:43,074 [INFO] Cleared filters
2026-06-04 08:55:45,395 [INFO] Step 2: birth date entered: 18.02.1952
2026-06-04 08:55:45,840 [INFO] Step 3: clicked Фильтр
2026-06-04 08:55:46,877 [INFO] Filter results loaded
2026-06-04 08:55:52,416 [INFO] Step 4: using first eye link -> https://mis2.ssv.uz/orders/1617371
2026-06-04 08:55:52,792 [INFO] Step 4: clicked eye -> https://mis2.ssv.uz/orders/1617371
2026-06-04 08:55:55,193 [INFO] Step 5: clicked Запросить бюджет
2026-06-04 08:56:04,309 [INFO] Step 5: no dialog (budget may already be requested)
2026-06-04 08:56:04,309 [INFO] Done: НЕГМАТОВА ХУРШЕДА
2026-06-04 08:56:04,309 [INFO] Job finished.
2026-06-04 08:57:47,096 [INFO] Stopped by user.
2026-06-04 08:57:57,837 [INFO] MIS2 bot started - every 10 min
2026-06-04 08:57:57,837 [INFO] Press Ctrl+C to stop.
2026-06-04 08:57:57,837 [INFO] === Job started at 2026-06-04 08:57:57 ===
2026-06-04 08:57:57,837 [INFO] ====== WebDriver manager ======
2026-06-04 08:57:58,150 [INFO] Driver [C:\Users\Zarmed IT\.wdm\drivers\chromedriver\win64\148.0.7778.178\chromedriver-win64/chromedriver.exe] found in cache by browser version
2026-06-04 08:58:05,637 [INFO] SSO login submitted
2026-06-04 08:58:06,822 [INFO] Organization selected: Zarmed Pratiksha Hospital Grup
2026-06-04 08:58:10,884 [INFO] Organization saved
2026-06-04 08:58:12,891 [INFO] --- Processing САРАБЕКОВА АЙДИН (DOB 25.12.1946) ---
2026-06-04 08:58:13,488 [INFO] Step 1: opened Направления
2026-06-04 08:58:15,976 [INFO] Cleared filters
2026-06-04 08:58:18,326 [INFO] Step 2: birth date entered: 25.12.1946
2026-06-04 08:58:18,757 [INFO] Step 3: clicked Фильтр
2026-06-04 08:58:19,789 [INFO] Filter results loaded
2026-06-04 08:58:25,382 [INFO] Step 4: using first eye link -> https://mis2.ssv.uz/orders/1577222
2026-06-04 08:58:25,754 [INFO] Step 4: clicked eye -> https://mis2.ssv.uz/orders/1577222
2026-06-04 08:58:28,687 [INFO] Step 5: clicked Запросить бюджет
2026-06-04 08:58:37,971 [INFO] Step 5: no dialog (budget may already be requested)
2026-06-04 08:58:37,971 [INFO] Done: САРАБЕКОВА АЙДИН
2026-06-04 08:58:37,971 [INFO] --- Processing НЕГМАТОВА ХУРШЕДА (DOB 18.02.1952) ---
2026-06-04 08:58:38,254 [INFO] Step 1: opened Направления
2026-06-04 08:58:40,734 [INFO] Cleared filters
2026-06-04 08:58:43,072 [INFO] Step 2: birth date entered: 18.02.1952
2026-06-04 08:58:43,507 [INFO] Step 3: clicked Фильтр
2026-06-04 08:58:44,540 [INFO] Filter results loaded
2026-06-04 08:58:50,165 [INFO] Step 4: using first eye link -> https://mis2.ssv.uz/orders/1617371
2026-06-04 08:58:50,577 [INFO] Step 4: clicked eye -> https://mis2.ssv.uz/orders/1617371
2026-06-04 08:58:53,001 [INFO] Step 5: clicked Запросить бюджет
2026-06-04 08:59:02,122 [INFO] Step 5: no dialog (budget may already be requested)
2026-06-04 08:59:02,122 [INFO] Done: НЕГМАТОВА ХУРШЕДА
2026-06-04 08:59:02,122 [INFO] Job finished.
2026-06-04 08:59:40,632 [INFO] Stopped by user.
2026-06-04 08:59:47,353 [INFO] MIS2 bot started - every 10 min
2026-06-04 08:59:47,353 [INFO] Press Ctrl+C to stop.
2026-06-04 08:59:47,353 [INFO] === Job started at 2026-06-04 08:59:47 ===
2026-06-04 08:59:47,353 [INFO] ====== WebDriver manager ======
2026-06-04 08:59:47,665 [INFO] Driver [C:\Users\Zarmed IT\.wdm\drivers\chromedriver\win64\148.0.7778.178\chromedriver-win64/chromedriver.exe] found in cache by browser version
2026-06-04 09:00:02,167 [INFO] SSO login submitted
2026-06-04 09:00:03,353 [INFO] Organization selected: Zarmed Pratiksha Hospital Grup
2026-06-04 09:00:07,415 [INFO] Organization saved
2026-06-04 09:00:09,415 [INFO] --- Processing САРАБЕКОВА АЙДИН (DOB 25.12.1946) ---
2026-06-04 09:00:10,116 [INFO] Step 1: opened Направления
2026-06-04 09:00:12,617 [INFO] Cleared filters
2026-06-04 09:00:14,968 [INFO] Step 2: birth date entered: 25.12.1946
2026-06-04 09:00:15,403 [INFO] Step 3: clicked Фильтр
2026-06-04 09:00:16,437 [INFO] Filter results loaded
2026-06-04 09:00:22,040 [INFO] Step 4: using first eye link -> https://mis2.ssv.uz/orders/1577222
2026-06-04 09:00:22,413 [INFO] Step 4: clicked eye -> https://mis2.ssv.uz/orders/1577222
2026-06-04 09:00:25,331 [INFO] Step 5: clicked Запросить бюджет
2026-06-04 09:00:34,449 [INFO] Step 5: no dialog (budget may already be requested)
2026-06-04 09:00:34,449 [INFO] Done: САРАБЕКОВА АЙДИН
2026-06-04 09:00:34,449 [INFO] --- Processing НЕГМАТОВА ХУРШЕДА (DOB 18.02.1952) ---
2026-06-04 09:00:34,798 [INFO] Step 1: opened Направления
2026-06-04 09:00:37,282 [INFO] Cleared filters
2026-06-04 09:00:39,637 [INFO] Step 2: birth date entered: 18.02.1952
2026-06-04 09:00:40,066 [INFO] Step 3: clicked Фильтр
2026-06-04 09:00:41,121 [INFO] Filter results loaded
2026-06-04 09:00:46,716 [INFO] Step 4: using first eye link -> https://mis2.ssv.uz/orders/1617371
2026-06-04 09:00:47,113 [INFO] Step 4: clicked eye -> https://mis2.ssv.uz/orders/1617371
2026-06-04 09:00:49,782 [INFO] Step 5: clicked Запросить бюджет
2026-06-04 09:00:59,065 [INFO] Step 5: no dialog (budget may already be requested)
2026-06-04 09:00:59,065 [INFO] Done: НЕГМАТОВА ХУРШЕДА
2026-06-04 09:00:59,065 [INFO] Job finished.
2026-06-04 09:01:56,982 [INFO] Stopped by user.
2026-06-04 09:02:07,900 [INFO] MIS2 bot started - every 10 min
2026-06-04 09:02:07,900 [INFO] Press Ctrl+C to stop.
2026-06-04 09:02:07,900 [INFO] === Job started at 2026-06-04 09:02:07 ===
2026-06-04 09:02:07,900 [INFO] ====== WebDriver manager ======
2026-06-04 09:02:08,212 [INFO] Driver [C:\Users\Zarmed IT\.wdm\drivers\chromedriver\win64\148.0.7778.178\chromedriver-win64/chromedriver.exe] found in cache by browser version
2026-06-04 09:02:16,058 [INFO] SSO login submitted
2026-06-04 09:02:17,245 [INFO] Organization selected: Zarmed Pratiksha Hospital Grup
2026-06-04 09:02:21,311 [INFO] Organization saved
2026-06-04 09:02:23,326 [INFO] --- Processing САРАБЕКОВА АЙДИН (DOB 25.12.1946) ---
2026-06-04 09:02:23,960 [INFO] Step 1: opened Направления
2026-06-04 09:02:26,435 [INFO] Cleared filters
2026-06-04 09:02:28,792 [INFO] Step 2: birth date entered: 25.12.1946
2026-06-04 09:02:29,211 [INFO] Step 3: clicked Фильтр
2026-06-04 09:02:30,258 [INFO] Filter results loaded
2026-06-04 09:02:35,757 [INFO] Step 4: using first eye link -> https://mis2.ssv.uz/orders/1577222
2026-06-04 09:02:36,142 [INFO] Step 4: clicked eye -> https://mis2.ssv.uz/orders/1577222
2026-06-04 09:02:39,041 [INFO] Step 5: clicked Запросить бюджет
2026-06-04 09:02:48,158 [INFO] Step 5: no dialog (budget may already be requested)
2026-06-04 09:02:48,158 [INFO] Done: САРАБЕКОВА АЙДИН
2026-06-04 09:02:48,158 [INFO] --- Processing НЕГМАТОВА ХУРШЕДА (DOB 18.02.1952) ---
2026-06-04 09:02:48,409 [INFO] Step 1: opened Направления
2026-06-04 09:02:50,882 [INFO] Cleared filters
2026-06-04 09:02:53,210 [INFO] Step 2: birth date entered: 18.02.1952
2026-06-04 09:02:53,614 [INFO] Step 3: clicked Фильтр
2026-06-04 09:02:54,669 [INFO] Filter results loaded
2026-06-04 09:03:00,102 [INFO] Step 4: using first eye link -> https://mis2.ssv.uz/orders/1617371
2026-06-04 09:03:00,506 [INFO] Step 4: clicked eye -> https://mis2.ssv.uz/orders/1617371
2026-06-04 09:03:02,992 [INFO] Step 5: clicked Запросить бюджет
2026-06-04 09:03:12,308 [INFO] Step 5: no dialog (budget may already be requested)
2026-06-04 09:03:12,308 [INFO] Done: НЕГМАТОВА ХУРШЕДА
2026-06-04 09:03:12,308 [INFO] Job finished.
2026-06-04 09:13:14,523 [INFO] === Job started at 2026-06-04 09:13:14 ===
2026-06-04 09:13:14,523 [INFO] ====== WebDriver manager ======
2026-06-04 09:13:14,804 [INFO] Driver [C:\Users\Zarmed IT\.wdm\drivers\chromedriver\win64\148.0.7778.178\chromedriver-win64/chromedriver.exe] found in cache by browser version
2026-06-04 09:13:22,215 [INFO] SSO login submitted
2026-06-04 09:13:23,400 [INFO] Organization selected: Zarmed Pratiksha Hospital Grup
2026-06-04 09:13:27,478 [INFO] Organization saved
2026-06-04 09:13:29,494 [INFO] --- Processing САРАБЕКОВА АЙДИН (DOB 25.12.1946) ---
2026-06-04 09:13:30,096 [INFO] Step 1: opened Направления
2026-06-04 09:13:32,574 [INFO] Cleared filters
2026-06-04 09:13:34,932 [INFO] Step 2: birth date entered: 25.12.1946
2026-06-04 09:13:35,360 [INFO] Step 3: clicked Фильтр
2026-06-04 09:13:36,425 [INFO] Filter results loaded
2026-06-04 09:13:42,082 [INFO] Step 4: using first eye link -> https://mis2.ssv.uz/orders/1577222
2026-06-04 09:13:42,447 [INFO] Step 4: clicked eye -> https://mis2.ssv.uz/orders/1577222
2026-06-04 09:13:45,361 [INFO] Step 5: clicked Запросить бюджет
2026-06-04 09:13:54,496 [INFO] Step 5: no dialog (budget may already be requested)
2026-06-04 09:13:54,496 [INFO] Done: САРАБЕКОВА АЙДИН
2026-06-04 09:13:54,496 [INFO] --- Processing НЕГМАТОВА ХУРШЕДА (DOB 18.02.1952) ---
2026-06-04 09:13:54,699 [INFO] Step 1: opened Направления
2026-06-04 09:13:57,196 [INFO] Cleared filters
2026-06-04 09:13:59,566 [INFO] Step 2: birth date entered: 18.02.1952
2026-06-04 09:14:00,013 [INFO] Step 3: clicked Фильтр
2026-06-04 09:14:01,045 [INFO] Filter results loaded
2026-06-04 09:14:06,686 [INFO] Step 4: using first eye link -> https://mis2.ssv.uz/orders/1617371
2026-06-04 09:14:07,062 [INFO] Step 4: clicked eye -> https://mis2.ssv.uz/orders/1617371
2026-06-04 09:14:09,494 [INFO] Step 5: clicked Запросить бюджет
2026-06-04 09:14:18,778 [INFO] Step 5: no dialog (budget may already be requested)
2026-06-04 09:14:18,778 [INFO] Done: НЕГМАТОВА ХУРШЕДА
2026-06-04 09:14:18,778 [INFO] Job finished.
2026-06-04 09:14:23,419 [INFO] Stopped by user.
2026-06-04 10:21:59,838 [INFO] MIS2 bot scheduler — start 09:00:00, every 30 min, budget click on exact second
2026-06-04 10:21:59,838 [INFO] Prep starts 65 seconds before each click
2026-06-04 10:21:59,838 [INFO] Press Ctrl+C to stop.
2026-06-04 10:21:59,838 [INFO] Next budget click: 2026-06-04 10:30:00 (in 480 sec)
2026-06-04 10:21:59,838 [INFO] Waiting until 2026-06-04 10:28:55 (prep start)
2026-06-04 10:22:24,572 [INFO] Stopped by user.
2026-06-04 10:22:55,388 [INFO] MIS2 bot started - every 10 min
2026-06-04 10:22:55,388 [INFO] Press Ctrl+C to stop.
2026-06-04 10:22:55,403 [INFO] === Job started at 2026-06-04 10:22:55 ===
2026-06-04 10:22:55,403 [INFO] ====== WebDriver manager ======
2026-06-04 10:22:55,731 [INFO] Driver [C:\Users\Zarmed IT\.wdm\drivers\chromedriver\win64\148.0.7778.178\chromedriver-win64/chromedriver.exe] found in cache by browser version
2026-06-04 10:23:04,510 [INFO] SSO login submitted
2026-06-04 10:23:05,703 [INFO] Organization selected: Zarmed Pratiksha Hospital Grup
2026-06-04 10:23:09,778 [INFO] Organization saved
2026-06-04 10:23:11,793 [INFO] --- Processing САРАБЕКОВА АЙДИН (DOB 25.12.1946) ---
2026-06-04 10:23:12,404 [INFO] Step 1: opened Направления
2026-06-04 10:23:14,883 [INFO] Cleared filters
2026-06-04 10:23:17,236 [INFO] Step 2: birth date entered: 25.12.1946
2026-06-04 10:23:17,650 [INFO] Step 3: clicked Фильтр
2026-06-04 10:23:18,707 [INFO] Filter results loaded
2026-06-04 10:23:24,316 [INFO] Step 4: using first eye link -> https://mis2.ssv.uz/orders/1577222
2026-06-04 10:23:24,696 [INFO] Step 4: clicked eye -> https://mis2.ssv.uz/orders/1577222
2026-06-04 10:23:27,602 [INFO] Step 5: clicked Запросить бюджет
2026-06-04 10:23:29,052 [INFO] Step 5: budget dialog confirmed (Закрыть)
2026-06-04 10:23:31,068 [INFO] Done: САРАБЕКОВА АЙДИН
2026-06-04 10:23:31,068 [INFO] --- Processing НЕГМАТОВА ХУРШЕДА (DOB 18.02.1952) ---
2026-06-04 10:23:31,319 [INFO] Step 1: opened Направления
2026-06-04 10:23:33,801 [INFO] Cleared filters
2026-06-04 10:23:36,134 [INFO] Step 2: birth date entered: 18.02.1952
2026-06-04 10:23:36,537 [INFO] Step 3: clicked Фильтр
2026-06-04 10:23:37,572 [INFO] Filter results loaded
2026-06-04 10:23:43,119 [INFO] Step 4: using first eye link -> https://mis2.ssv.uz/orders/1617371
2026-06-04 10:23:43,491 [INFO] Step 4: clicked eye -> https://mis2.ssv.uz/orders/1617371
2026-06-04 10:23:45,935 [INFO] Step 5: clicked Запросить бюджет
2026-06-04 10:23:47,368 [INFO] Step 5: budget dialog confirmed (Закрыть)
2026-06-04 10:23:49,368 [INFO] Done: НЕГМАТОВА ХУРШЕДА
2026-06-04 10:23:49,369 [INFO] Job finished.
2026-06-04 10:25:31,655 [INFO] Stopped by user.
2026-06-29 11:44:50,891 [INFO] MIS2 bot started - budget clicks 09:00:00 to 18:30:00 every 10 min (exact schedule)
2026-06-29 11:44:50,891 [INFO] Prep starts 55 seconds before each click (steps 1-4)
2026-06-29 11:44:50,891 [INFO] Press Ctrl+C to stop.
2026-06-29 11:44:50,891 [INFO] Next budget click: 11:50:00.000 | prep starts: 11:47:09.000 | waiting 138s (3 patients)
2026-06-29 11:47:09,006 [INFO] === Job started at 11:47:09.006 ===
2026-06-29 11:47:09,006 [INFO] === Budget slot: 11:50:00.000 ===
2026-06-29 11:47:09,006 [INFO] ====== WebDriver manager ======
2026-06-29 11:47:09,956 [INFO] Get LATEST chromedriver version for google-chrome
2026-06-29 11:47:13,676 [INFO] There is no [win64] chromedriver "149.0.7827.155" for browser google-chrome "149.0.7827" in cache
2026-06-29 11:47:13,996 [INFO] There is no [win64] chromedriver "149.0.7827.155" for browser google-chrome "149.0.7827" in cache
2026-06-29 11:47:13,996 [INFO] Get LATEST chromedriver version for google-chrome
2026-06-29 11:47:28,544 [INFO] WebDriver version 149.0.7827.155 selected
2026-06-29 11:47:28,554 [INFO] Modern chrome version https://storage.googleapis.com/chrome-for-testing-public/149.0.7827.155/win64/chromedriver-win64.zip
2026-06-29 11:47:28,554 [INFO] About to download new driver from https://storage.googleapis.com/chrome-for-testing-public/149.0.7827.155/win64/chromedriver-win64.zip
2026-06-29 11:47:29,154 [INFO] Driver downloading response is 200
2026-06-29 11:47:30,784 [INFO] Driver has been saved in cache [C:\Users\Zarmed IT\.wdm\drivers\chromedriver\win64\149.0.7827.155]
2026-06-29 11:47:38,524 [INFO] SSO login submitted
2026-06-29 11:47:39,695 [INFO] Organization selected: Zarmed Pratiksha Hospital Grup
2026-06-29 11:47:43,756 [INFO] Organization saved
2026-06-29 11:47:45,762 [INFO] --- Processing САДРИДДИНОВА ГУЛШОД (DOB 15.09.1964) ---
2026-06-29 11:47:45,763 [INFO] Target budget click: 11:50:00.000
2026-06-29 11:47:46,361 [INFO] Step 1: opened Направления
2026-06-29 11:47:48,816 [INFO] Cleared filters
2026-06-29 11:47:51,173 [INFO] Step 2: birth date entered: 15.09.1964
2026-06-29 11:47:51,585 [INFO] Step 3: clicked Фильтр
2026-06-29 11:47:52,621 [INFO] Filter results loaded
2026-06-29 11:47:52,704 [INFO] Step 4: using first eye link -> https://mis2.ssv.uz/orders/1671254
2026-06-29 11:47:53,069 [INFO] Step 4: clicked eye -> https://mis2.ssv.uz/orders/1671254
2026-06-29 11:47:55,611 [INFO] Steps 1-4 finished in 9.8s
2026-06-29 11:47:56,128 [INFO] Step 5: ready on order page, waiting 123.87s until budget click at 11:50:00.000
2026-06-29 11:50:00,357 [INFO] Step 5: clicked Запросить бюджет at 11:50:00.357
2026-06-29 11:50:02,288 [INFO] Step 5: budget dialog confirmed (Закрыть)
2026-06-29 11:50:04,299 [INFO] Done: САДРИДДИНОВА ГУЛШОД
2026-06-29 11:50:04,299 [INFO] --- Processing БАКИРОВ ДУРСУН (DOB 12.07.1966) ---
2026-06-29 11:50:04,299 [INFO] Target budget click: 11:50:03.000
2026-06-29 11:50:04,505 [INFO] Step 1: opened Направления
2026-06-29 11:50:06,954 [INFO] Cleared filters
2026-06-29 11:50:09,309 [INFO] Step 2: birth date entered: 12.07.1966
2026-06-29 11:50:09,712 [INFO] Step 3: clicked Фильтр
2026-06-29 11:50:10,748 [INFO] Filter results loaded
2026-06-29 11:50:10,831 [INFO] Step 4: using first eye link -> https://mis2.ssv.uz/orders/1699168
2026-06-29 11:50:11,185 [INFO] Step 4: clicked eye -> https://mis2.ssv.uz/orders/1699168
2026-06-29 11:50:13,723 [INFO] Steps 1-4 finished in 9.4s
2026-06-29 11:50:13,723 [WARNING] Steps 1-4 took too long (+10.7s late) - clicking budget immediately
2026-06-29 11:50:13,739 [INFO] Step 5: ready on order page, waiting 0.00s until budget click at 11:50:03.000
2026-06-29 11:50:15,122 [INFO] Step 5: clicked Запросить бюджет at 11:50:15.122
2026-06-29 11:50:24,338 [INFO] Step 5: no dialog (budget may already be requested)
2026-06-29 11:50:24,338 [INFO] Done: БАКИРОВ ДУРСУН
2026-06-29 11:50:24,338 [INFO] --- Processing ИБРАЙИМОВА ИХВОЛ (DOB 25.12.1952) ---
2026-06-29 11:50:24,338 [INFO] Target budget click: 11:50:06.000
2026-06-29 11:50:24,494 [INFO] Step 1: opened Направления
2026-06-29 11:50:26,922 [INFO] Cleared filters
2026-06-29 11:50:29,248 [INFO] Step 2: birth date entered: 25.12.1952
2026-06-29 11:50:29,630 [INFO] Step 3: clicked Фильтр
2026-06-29 11:50:30,650 [INFO] Filter results loaded
2026-06-29 11:50:30,704 [INFO] Step 4: using first eye link -> https://mis2.ssv.uz/orders/1744592
2026-06-29 11:50:31,064 [INFO] Step 4: clicked eye -> https://mis2.ssv.uz/orders/1744592
2026-06-29 11:50:33,605 [INFO] Steps 1-4 finished in 9.3s
2026-06-29 11:50:33,605 [WARNING] Steps 1-4 took too long (+27.6s late) - clicking budget immediately
2026-06-29 11:50:34,121 [INFO] Step 5: ready on order page, waiting 0.00s until budget click at 11:50:06.000
2026-06-29 11:50:35,487 [INFO] Step 5: clicked Запросить бюджет at 11:50:35.487
2026-06-29 11:50:44,687 [INFO] Step 5: no dialog (budget may already be requested)
2026-06-29 11:50:44,687 [INFO] Done: ИБРАЙИМОВА ИХВОЛ
2026-06-29 11:50:44,687 [INFO] Job finished at 11:50:44.687 (duration 215.7s)
2026-06-29 11:52:09,795 [INFO] Stopped by user.
